d:\ibraa\fcis\new folder\ds lecture 6 (bst i)\code\bsts\bsts\debug\vc141.pdb
d:\ibraa\fcis\new folder\ds lecture 6 (bst i)\code\bsts\bsts\debug\vc141.idb
d:\ibraa\fcis\new folder\ds lecture 6 (bst i)\code\bsts\bsts\debug\bst_main.obj
d:\ibraa\fcis\new folder\ds lecture 6 (bst i)\code\bsts\bsts\debug\bstree.obj
d:\ibraa\fcis term 1\new folder\ds lecture 6 (bst i)\code\bsts\bsts\debug\vc141.pdb
d:\ibraa\fcis term 1\new folder\ds lecture 6 (bst i)\code\bsts\bsts\debug\vc141.idb
d:\ibraa\fcis term 1\new folder\ds lecture 6 (bst i)\code\bsts\bsts\debug\bst_main.obj
d:\ibraa\fcis term 1\new folder\ds lecture 6 (bst i)\code\bsts\bsts\debug\bstree.obj
d:\ibraa\fcis\new folder\ds lecture 6 (bst i)\code\bsts\debug\bsts.ilk
d:\ibraa\fcis\new folder\ds lecture 6 (bst i)\code\bsts\debug\bsts.exe
d:\ibraa\fcis\new folder\ds lecture 6 (bst i)\code\bsts\debug\bsts.pdb
d:\ibraa\fcis term 1\new folder\ds lecture 6 (bst i)\code\bsts\debug\bsts.ilk
d:\ibraa\fcis term 1\new folder\ds lecture 6 (bst i)\code\bsts\debug\bsts.exe
d:\ibraa\fcis term 1\new folder\ds lecture 6 (bst i)\code\bsts\debug\bsts.pdb
d:\ibraa\fcis term 1\new folder\ds lecture 6 (bst i)\code\bsts\bsts\debug\bsts.tlog\cl.command.1.tlog
d:\ibraa\fcis term 1\new folder\ds lecture 6 (bst i)\code\bsts\bsts\debug\bsts.tlog\cl.read.1.tlog
d:\ibraa\fcis term 1\new folder\ds lecture 6 (bst i)\code\bsts\bsts\debug\bsts.tlog\cl.write.1.tlog
d:\ibraa\fcis term 1\new folder\ds lecture 6 (bst i)\code\bsts\bsts\debug\bsts.tlog\link.command.1.tlog
d:\ibraa\fcis term 1\new folder\ds lecture 6 (bst i)\code\bsts\bsts\debug\bsts.tlog\link.read.1.tlog
d:\ibraa\fcis term 1\new folder\ds lecture 6 (bst i)\code\bsts\bsts\debug\bsts.tlog\link.write.1.tlog
